<?xml version="1.0" encoding="UTF-8"?>
<testsuite xmlns:xsi="http://www.w3.org/2001/XMLSchema-instance" xsi:noNamespaceSchemaLocation="https://maven.apache.org/surefire/maven-surefire-plugin/xsd/surefire-test-report-3.0.xsd" version="3.0" name="com.petstore.repository.ProductRepositoryTest" time="0.941" tests="5" errors="0" skipped="5" failures="0">
  <properties>
    <property name="java.specification.version" value="21"/>
    <property name="sun.jnu.encoding" value="UTF-8"/>
    <property name="sl.branchName" value="main"/>
    <property name="java.class.path" value="/home/tosca/pet-accessories-store/target/test-classes:/home/tosca/pet-accessories-store/target/classes:/home/tosca/.m2/repository/org/springframework/boot/spring-boot-starter-web/3.1.5/spring-boot-starter-web-3.1.5.jar:/home/tosca/.m2/repository/org/springframework/boot/spring-boot-starter/3.1.5/spring-boot-starter-3.1.5.jar:/home/tosca/.m2/repository/org/springframework/boot/spring-boot/3.1.5/spring-boot-3.1.5.jar:/home/tosca/.m2/repository/org/springframework/boot/spring-boot-autoconfigure/3.1.5/spring-boot-autoconfigure-3.1.5.jar:/home/tosca/.m2/repository/org/springframework/boot/spring-boot-starter-logging/3.1.5/spring-boot-starter-logging-3.1.5.jar:/home/tosca/.m2/repository/ch/qos/logback/logback-classic/1.4.11/logback-classic-1.4.11.jar:/home/tosca/.m2/repository/ch/qos/logback/logback-core/1.4.11/logback-core-1.4.11.jar:/home/tosca/.m2/repository/org/apache/logging/log4j/log4j-to-slf4j/2.20.0/log4j-to-slf4j-2.20.0.jar:/home/tosca/.m2/repository/org/apache/logging/log4j/log4j-api/2.20.0/log4j-api-2.20.0.jar:/home/tosca/.m2/repository/org/slf4j/jul-to-slf4j/2.0.9/jul-to-slf4j-2.0.9.jar:/home/tosca/.m2/repository/jakarta/annotation/jakarta.annotation-api/2.1.1/jakarta.annotation-api-2.1.1.jar:/home/tosca/.m2/repository/org/yaml/snakeyaml/1.33/snakeyaml-1.33.jar:/home/tosca/.m2/repository/org/springframework/boot/spring-boot-starter-json/3.1.5/spring-boot-starter-json-3.1.5.jar:/home/tosca/.m2/repository/com/fasterxml/jackson/core/jackson-databind/2.15.3/jackson-databind-2.15.3.jar:/home/tosca/.m2/repository/com/fasterxml/jackson/core/jackson-annotations/2.15.3/jackson-annotations-2.15.3.jar:/home/tosca/.m2/repository/com/fasterxml/jackson/core/jackson-core/2.15.3/jackson-core-2.15.3.jar:/home/tosca/.m2/repository/com/fasterxml/jackson/datatype/jackson-datatype-jdk8/2.15.3/jackson-datatype-jdk8-2.15.3.jar:/home/tosca/.m2/repository/com/fasterxml/jackson/datatype/jackson-datatype-jsr310/2.15.3/jackson-datatype-jsr310-2.15.3.jar:/home/tosca/.m2/repository/com/fasterxml/jackson/module/jackson-module-parameter-names/2.15.3/jackson-module-parameter-names-2.15.3.jar:/home/tosca/.m2/repository/org/springframework/boot/spring-boot-starter-tomcat/3.1.5/spring-boot-starter-tomcat-3.1.5.jar:/home/tosca/.m2/repository/org/apache/tomcat/embed/tomcat-embed-core/10.1.15/tomcat-embed-core-10.1.15.jar:/home/tosca/.m2/repository/org/apache/tomcat/embed/tomcat-embed-el/10.1.15/tomcat-embed-el-10.1.15.jar:/home/tosca/.m2/repository/org/apache/tomcat/embed/tomcat-embed-websocket/10.1.15/tomcat-embed-websocket-10.1.15.jar:/home/tosca/.m2/repository/org/springframework/spring-web/6.0.13/spring-web-6.0.13.jar:/home/tosca/.m2/repository/org/springframework/spring-beans/6.0.13/spring-beans-6.0.13.jar:/home/tosca/.m2/repository/io/micrometer/micrometer-observation/1.11.5/micrometer-observation-1.11.5.jar:/home/tosca/.m2/repository/io/micrometer/micrometer-commons/1.11.5/micrometer-commons-1.11.5.jar:/home/tosca/.m2/repository/org/springframework/spring-webmvc/6.0.13/spring-webmvc-6.0.13.jar:/home/tosca/.m2/repository/org/springframework/spring-aop/6.0.13/spring-aop-6.0.13.jar:/home/tosca/.m2/repository/org/springframework/spring-context/6.0.13/spring-context-6.0.13.jar:/home/tosca/.m2/repository/org/springframework/spring-expression/6.0.13/spring-expression-6.0.13.jar:/home/tosca/.m2/repository/org/springframework/boot/spring-boot-starter-data-jpa/3.1.5/spring-boot-starter-data-jpa-3.1.5.jar:/home/tosca/.m2/repository/org/springframework/boot/spring-boot-starter-aop/3.1.5/spring-boot-starter-aop-3.1.5.jar:/home/tosca/.m2/repository/org/aspectj/aspectjweaver/1.9.20/aspectjweaver-1.9.20.jar:/home/tosca/.m2/repository/org/springframework/boot/spring-boot-starter-jdbc/3.1.5/spring-boot-starter-jdbc-3.1.5.jar:/home/tosca/.m2/repository/com/zaxxer/HikariCP/5.0.1/HikariCP-5.0.1.jar:/home/tosca/.m2/repository/org/springframework/spring-jdbc/6.0.13/spring-jdbc-6.0.13.jar:/home/tosca/.m2/repository/org/hibernate/orm/hibernate-core/6.2.13.Final/hibernate-core-6.2.13.Final.jar:/home/tosca/.m2/repository/jakarta/persistence/jakarta.persistence-api/3.1.0/jakarta.persistence-api-3.1.0.jar:/home/tosca/.m2/repository/jakarta/transaction/jakarta.transaction-api/2.0.1/jakarta.transaction-api-2.0.1.jar:/home/tosca/.m2/repository/org/jboss/logging/jboss-logging/3.5.3.Final/jboss-logging-3.5.3.Final.jar:/home/tosca/.m2/repository/org/hibernate/common/hibernate-commons-annotations/6.0.6.Final/hibernate-commons-annotations-6.0.6.Final.jar:/home/tosca/.m2/repository/io/smallrye/jandex/3.0.5/jandex-3.0.5.jar:/home/tosca/.m2/repository/com/fasterxml/classmate/1.5.1/classmate-1.5.1.jar:/home/tosca/.m2/repository/net/bytebuddy/byte-buddy/1.14.9/byte-buddy-1.14.9.jar:/home/tosca/.m2/repository/org/glassfish/jaxb/jaxb-runtime/4.0.3/jaxb-runtime-4.0.3.jar:/home/tosca/.m2/repository/org/glassfish/jaxb/jaxb-core/4.0.3/jaxb-core-4.0.3.jar:/home/tosca/.m2/repository/org/eclipse/angus/angus-activation/2.0.1/angus-activation-2.0.1.jar:/home/tosca/.m2/repository/org/glassfish/jaxb/txw2/4.0.3/txw2-4.0.3.jar:/home/tosca/.m2/repository/com/sun/istack/istack-commons-runtime/4.1.2/istack-commons-runtime-4.1.2.jar:/home/tosca/.m2/repository/jakarta/inject/jakarta.inject-api/2.0.1/jakarta.inject-api-2.0.1.jar:/home/tosca/.m2/repository/org/antlr/antlr4-runtime/4.10.1/antlr4-runtime-4.10.1.jar:/home/tosca/.m2/repository/org/springframework/data/spring-data-jpa/3.1.5/spring-data-jpa-3.1.5.jar:/home/tosca/.m2/repository/org/springframework/data/spring-data-commons/3.1.5/spring-data-commons-3.1.5.jar:/home/tosca/.m2/repository/org/springframework/spring-orm/6.0.13/spring-orm-6.0.13.jar:/home/tosca/.m2/repository/org/springframework/spring-tx/6.0.13/spring-tx-6.0.13.jar:/home/tosca/.m2/repository/org/slf4j/slf4j-api/2.0.9/slf4j-api-2.0.9.jar:/home/tosca/.m2/repository/org/springframework/spring-aspects/6.0.13/spring-aspects-6.0.13.jar:/home/tosca/.m2/repository/com/h2database/h2/2.1.214/h2-2.1.214.jar:/home/tosca/.m2/repository/org/springframework/boot/spring-boot-starter-test/3.1.5/spring-boot-starter-test-3.1.5.jar:/home/tosca/.m2/repository/org/springframework/boot/spring-boot-test/3.1.5/spring-boot-test-3.1.5.jar:/home/tosca/.m2/repository/org/springframework/boot/spring-boot-test-autoconfigure/3.1.5/spring-boot-test-autoconfigure-3.1.5.jar:/home/tosca/.m2/repository/com/jayway/jsonpath/json-path/2.8.0/json-path-2.8.0.jar:/home/tosca/.m2/repository/jakarta/xml/bind/jakarta.xml.bind-api/4.0.1/jakarta.xml.bind-api-4.0.1.jar:/home/tosca/.m2/repository/jakarta/activation/jakarta.activation-api/2.1.2/jakarta.activation-api-2.1.2.jar:/home/tosca/.m2/repository/net/minidev/json-smart/2.4.11/json-smart-2.4.11.jar:/home/tosca/.m2/repository/net/minidev/accessors-smart/2.4.11/accessors-smart-2.4.11.jar:/home/tosca/.m2/repository/org/ow2/asm/asm/9.3/asm-9.3.jar:/home/tosca/.m2/repository/org/assertj/assertj-core/3.24.2/assertj-core-3.24.2.jar:/home/tosca/.m2/repository/org/hamcrest/hamcrest/2.2/hamcrest-2.2.jar:/home/tosca/.m2/repository/org/junit/jupiter/junit-jupiter/5.9.3/junit-jupiter-5.9.3.jar:/home/tosca/.m2/repository/org/junit/jupiter/junit-jupiter-api/5.9.3/junit-jupiter-api-5.9.3.jar:/home/tosca/.m2/repository/org/opentest4j/opentest4j/1.2.0/opentest4j-1.2.0.jar:/home/tosca/.m2/repository/org/junit/platform/junit-platform-commons/1.9.3/junit-platform-commons-1.9.3.jar:/home/tosca/.m2/repository/org/apiguardian/apiguardian-api/1.1.2/apiguardian-api-1.1.2.jar:/home/tosca/.m2/repository/org/junit/jupiter/junit-jupiter-params/5.9.3/junit-jupiter-params-5.9.3.jar:/home/tosca/.m2/repository/org/junit/jupiter/junit-jupiter-engine/5.9.3/junit-jupiter-engine-5.9.3.jar:/home/tosca/.m2/repository/org/junit/platform/junit-platform-engine/1.9.3/junit-platform-engine-1.9.3.jar:/home/tosca/.m2/repository/org/mockito/mockito-core/5.3.1/mockito-core-5.3.1.jar:/home/tosca/.m2/repository/net/bytebuddy/byte-buddy-agent/1.14.9/byte-buddy-agent-1.14.9.jar:/home/tosca/.m2/repository/org/objenesis/objenesis/3.3/objenesis-3.3.jar:/home/tosca/.m2/repository/org/mockito/mockito-junit-jupiter/5.3.1/mockito-junit-jupiter-5.3.1.jar:/home/tosca/.m2/repository/org/skyscreamer/jsonassert/1.5.1/jsonassert-1.5.1.jar:/home/tosca/.m2/repository/com/vaadin/external/google/android-json/0.0.20131108.vaadin1/android-json-0.0.20131108.vaadin1.jar:/home/tosca/.m2/repository/org/springframework/spring-core/6.0.13/spring-core-6.0.13.jar:/home/tosca/.m2/repository/org/springframework/spring-jcl/6.0.13/spring-jcl-6.0.13.jar:/home/tosca/.m2/repository/org/springframework/spring-test/6.0.13/spring-test-6.0.13.jar:/home/tosca/.m2/repository/org/xmlunit/xmlunit-core/2.9.1/xmlunit-core-2.9.1.jar:"/>
    <property name="sl.httpMaxAttempts" value="5"/>
    <property name="java.vm.vendor" value="Ubuntu"/>
    <property name="sun.arch.data.model" value="64"/>
    <property name="java.vendor.url" value="https://ubuntu.com/"/>
    <property name="user.timezone" value="Europe/London"/>
    <property name="org.jboss.logging.provider" value="slf4j"/>
    <property name="sl.testExecutionIdStage" value="System Test - Automated"/>
    <property name="sl.anonymousExecution" value="false"/>
    <property name="java.vm.specification.version" value="21"/>
    <property name="os.name" value="Linux"/>
    <property name="sun.java.launcher" value="SUN_STANDARD"/>
    <property name="user.country" value="US"/>
    <property name="sun.boot.library.path" value="/usr/lib/jvm/java-21-openjdk-amd64/lib"/>
    <property name="sl.enableUpgrade" value="false"/>
    <property name="sun.java.command" value="/home/tosca/pet-accessories-store/target/surefire/surefirebooter-20250626112641746_3.jar /home/tosca/pet-accessories-store/target/surefire 2025-06-26T11-26-41_545-jvmRun1 surefire-20250626112641746_1tmp surefire_0-20250626112641746_2tmp"/>
    <property name="jdk.debug" value="release"/>
    <property name="surefire.test.class.path" value="/home/tosca/pet-accessories-store/target/test-classes:/home/tosca/pet-accessories-store/target/classes:/home/tosca/.m2/repository/org/springframework/boot/spring-boot-starter-web/3.1.5/spring-boot-starter-web-3.1.5.jar:/home/tosca/.m2/repository/org/springframework/boot/spring-boot-starter/3.1.5/spring-boot-starter-3.1.5.jar:/home/tosca/.m2/repository/org/springframework/boot/spring-boot/3.1.5/spring-boot-3.1.5.jar:/home/tosca/.m2/repository/org/springframework/boot/spring-boot-autoconfigure/3.1.5/spring-boot-autoconfigure-3.1.5.jar:/home/tosca/.m2/repository/org/springframework/boot/spring-boot-starter-logging/3.1.5/spring-boot-starter-logging-3.1.5.jar:/home/tosca/.m2/repository/ch/qos/logback/logback-classic/1.4.11/logback-classic-1.4.11.jar:/home/tosca/.m2/repository/ch/qos/logback/logback-core/1.4.11/logback-core-1.4.11.jar:/home/tosca/.m2/repository/org/apache/logging/log4j/log4j-to-slf4j/2.20.0/log4j-to-slf4j-2.20.0.jar:/home/tosca/.m2/repository/org/apache/logging/log4j/log4j-api/2.20.0/log4j-api-2.20.0.jar:/home/tosca/.m2/repository/org/slf4j/jul-to-slf4j/2.0.9/jul-to-slf4j-2.0.9.jar:/home/tosca/.m2/repository/jakarta/annotation/jakarta.annotation-api/2.1.1/jakarta.annotation-api-2.1.1.jar:/home/tosca/.m2/repository/org/yaml/snakeyaml/1.33/snakeyaml-1.33.jar:/home/tosca/.m2/repository/org/springframework/boot/spring-boot-starter-json/3.1.5/spring-boot-starter-json-3.1.5.jar:/home/tosca/.m2/repository/com/fasterxml/jackson/core/jackson-databind/2.15.3/jackson-databind-2.15.3.jar:/home/tosca/.m2/repository/com/fasterxml/jackson/core/jackson-annotations/2.15.3/jackson-annotations-2.15.3.jar:/home/tosca/.m2/repository/com/fasterxml/jackson/core/jackson-core/2.15.3/jackson-core-2.15.3.jar:/home/tosca/.m2/repository/com/fasterxml/jackson/datatype/jackson-datatype-jdk8/2.15.3/jackson-datatype-jdk8-2.15.3.jar:/home/tosca/.m2/repository/com/fasterxml/jackson/datatype/jackson-datatype-jsr310/2.15.3/jackson-datatype-jsr310-2.15.3.jar:/home/tosca/.m2/repository/com/fasterxml/jackson/module/jackson-module-parameter-names/2.15.3/jackson-module-parameter-names-2.15.3.jar:/home/tosca/.m2/repository/org/springframework/boot/spring-boot-starter-tomcat/3.1.5/spring-boot-starter-tomcat-3.1.5.jar:/home/tosca/.m2/repository/org/apache/tomcat/embed/tomcat-embed-core/10.1.15/tomcat-embed-core-10.1.15.jar:/home/tosca/.m2/repository/org/apache/tomcat/embed/tomcat-embed-el/10.1.15/tomcat-embed-el-10.1.15.jar:/home/tosca/.m2/repository/org/apache/tomcat/embed/tomcat-embed-websocket/10.1.15/tomcat-embed-websocket-10.1.15.jar:/home/tosca/.m2/repository/org/springframework/spring-web/6.0.13/spring-web-6.0.13.jar:/home/tosca/.m2/repository/org/springframework/spring-beans/6.0.13/spring-beans-6.0.13.jar:/home/tosca/.m2/repository/io/micrometer/micrometer-observation/1.11.5/micrometer-observation-1.11.5.jar:/home/tosca/.m2/repository/io/micrometer/micrometer-commons/1.11.5/micrometer-commons-1.11.5.jar:/home/tosca/.m2/repository/org/springframework/spring-webmvc/6.0.13/spring-webmvc-6.0.13.jar:/home/tosca/.m2/repository/org/springframework/spring-aop/6.0.13/spring-aop-6.0.13.jar:/home/tosca/.m2/repository/org/springframework/spring-context/6.0.13/spring-context-6.0.13.jar:/home/tosca/.m2/repository/org/springframework/spring-expression/6.0.13/spring-expression-6.0.13.jar:/home/tosca/.m2/repository/org/springframework/boot/spring-boot-starter-data-jpa/3.1.5/spring-boot-starter-data-jpa-3.1.5.jar:/home/tosca/.m2/repository/org/springframework/boot/spring-boot-starter-aop/3.1.5/spring-boot-starter-aop-3.1.5.jar:/home/tosca/.m2/repository/org/aspectj/aspectjweaver/1.9.20/aspectjweaver-1.9.20.jar:/home/tosca/.m2/repository/org/springframework/boot/spring-boot-starter-jdbc/3.1.5/spring-boot-starter-jdbc-3.1.5.jar:/home/tosca/.m2/repository/com/zaxxer/HikariCP/5.0.1/HikariCP-5.0.1.jar:/home/tosca/.m2/repository/org/springframework/spring-jdbc/6.0.13/spring-jdbc-6.0.13.jar:/home/tosca/.m2/repository/org/hibernate/orm/hibernate-core/6.2.13.Final/hibernate-core-6.2.13.Final.jar:/home/tosca/.m2/repository/jakarta/persistence/jakarta.persistence-api/3.1.0/jakarta.persistence-api-3.1.0.jar:/home/tosca/.m2/repository/jakarta/transaction/jakarta.transaction-api/2.0.1/jakarta.transaction-api-2.0.1.jar:/home/tosca/.m2/repository/org/jboss/logging/jboss-logging/3.5.3.Final/jboss-logging-3.5.3.Final.jar:/home/tosca/.m2/repository/org/hibernate/common/hibernate-commons-annotations/6.0.6.Final/hibernate-commons-annotations-6.0.6.Final.jar:/home/tosca/.m2/repository/io/smallrye/jandex/3.0.5/jandex-3.0.5.jar:/home/tosca/.m2/repository/com/fasterxml/classmate/1.5.1/classmate-1.5.1.jar:/home/tosca/.m2/repository/net/bytebuddy/byte-buddy/1.14.9/byte-buddy-1.14.9.jar:/home/tosca/.m2/repository/org/glassfish/jaxb/jaxb-runtime/4.0.3/jaxb-runtime-4.0.3.jar:/home/tosca/.m2/repository/org/glassfish/jaxb/jaxb-core/4.0.3/jaxb-core-4.0.3.jar:/home/tosca/.m2/repository/org/eclipse/angus/angus-activation/2.0.1/angus-activation-2.0.1.jar:/home/tosca/.m2/repository/org/glassfish/jaxb/txw2/4.0.3/txw2-4.0.3.jar:/home/tosca/.m2/repository/com/sun/istack/istack-commons-runtime/4.1.2/istack-commons-runtime-4.1.2.jar:/home/tosca/.m2/repository/jakarta/inject/jakarta.inject-api/2.0.1/jakarta.inject-api-2.0.1.jar:/home/tosca/.m2/repository/org/antlr/antlr4-runtime/4.10.1/antlr4-runtime-4.10.1.jar:/home/tosca/.m2/repository/org/springframework/data/spring-data-jpa/3.1.5/spring-data-jpa-3.1.5.jar:/home/tosca/.m2/repository/org/springframework/data/spring-data-commons/3.1.5/spring-data-commons-3.1.5.jar:/home/tosca/.m2/repository/org/springframework/spring-orm/6.0.13/spring-orm-6.0.13.jar:/home/tosca/.m2/repository/org/springframework/spring-tx/6.0.13/spring-tx-6.0.13.jar:/home/tosca/.m2/repository/org/slf4j/slf4j-api/2.0.9/slf4j-api-2.0.9.jar:/home/tosca/.m2/repository/org/springframework/spring-aspects/6.0.13/spring-aspects-6.0.13.jar:/home/tosca/.m2/repository/com/h2database/h2/2.1.214/h2-2.1.214.jar:/home/tosca/.m2/repository/org/springframework/boot/spring-boot-starter-test/3.1.5/spring-boot-starter-test-3.1.5.jar:/home/tosca/.m2/repository/org/springframework/boot/spring-boot-test/3.1.5/spring-boot-test-3.1.5.jar:/home/tosca/.m2/repository/org/springframework/boot/spring-boot-test-autoconfigure/3.1.5/spring-boot-test-autoconfigure-3.1.5.jar:/home/tosca/.m2/repository/com/jayway/jsonpath/json-path/2.8.0/json-path-2.8.0.jar:/home/tosca/.m2/repository/jakarta/xml/bind/jakarta.xml.bind-api/4.0.1/jakarta.xml.bind-api-4.0.1.jar:/home/tosca/.m2/repository/jakarta/activation/jakarta.activation-api/2.1.2/jakarta.activation-api-2.1.2.jar:/home/tosca/.m2/repository/net/minidev/json-smart/2.4.11/json-smart-2.4.11.jar:/home/tosca/.m2/repository/net/minidev/accessors-smart/2.4.11/accessors-smart-2.4.11.jar:/home/tosca/.m2/repository/org/ow2/asm/asm/9.3/asm-9.3.jar:/home/tosca/.m2/repository/org/assertj/assertj-core/3.24.2/assertj-core-3.24.2.jar:/home/tosca/.m2/repository/org/hamcrest/hamcrest/2.2/hamcrest-2.2.jar:/home/tosca/.m2/repository/org/junit/jupiter/junit-jupiter/5.9.3/junit-jupiter-5.9.3.jar:/home/tosca/.m2/repository/org/junit/jupiter/junit-jupiter-api/5.9.3/junit-jupiter-api-5.9.3.jar:/home/tosca/.m2/repository/org/opentest4j/opentest4j/1.2.0/opentest4j-1.2.0.jar:/home/tosca/.m2/repository/org/junit/platform/junit-platform-commons/1.9.3/junit-platform-commons-1.9.3.jar:/home/tosca/.m2/repository/org/apiguardian/apiguardian-api/1.1.2/apiguardian-api-1.1.2.jar:/home/tosca/.m2/repository/org/junit/jupiter/junit-jupiter-params/5.9.3/junit-jupiter-params-5.9.3.jar:/home/tosca/.m2/repository/org/junit/jupiter/junit-jupiter-engine/5.9.3/junit-jupiter-engine-5.9.3.jar:/home/tosca/.m2/repository/org/junit/platform/junit-platform-engine/1.9.3/junit-platform-engine-1.9.3.jar:/home/tosca/.m2/repository/org/mockito/mockito-core/5.3.1/mockito-core-5.3.1.jar:/home/tosca/.m2/repository/net/bytebuddy/byte-buddy-agent/1.14.9/byte-buddy-agent-1.14.9.jar:/home/tosca/.m2/repository/org/objenesis/objenesis/3.3/objenesis-3.3.jar:/home/tosca/.m2/repository/org/mockito/mockito-junit-jupiter/5.3.1/mockito-junit-jupiter-5.3.1.jar:/home/tosca/.m2/repository/org/skyscreamer/jsonassert/1.5.1/jsonassert-1.5.1.jar:/home/tosca/.m2/repository/com/vaadin/external/google/android-json/0.0.20131108.vaadin1/android-json-0.0.20131108.vaadin1.jar:/home/tosca/.m2/repository/org/springframework/spring-core/6.0.13/spring-core-6.0.13.jar:/home/tosca/.m2/repository/org/springframework/spring-jcl/6.0.13/spring-jcl-6.0.13.jar:/home/tosca/.m2/repository/org/springframework/spring-test/6.0.13/spring-test-6.0.13.jar:/home/tosca/.m2/repository/org/xmlunit/xmlunit-core/2.9.1/xmlunit-core-2.9.1.jar:"/>
    <property name="sl.includes" value="*com.petstore.*"/>
    <property name="sun.cpu.endian" value="little"/>
    <property name="user.home" value="/home/tosca"/>
    <property name="user.language" value="en"/>
    <property name="java.specification.vendor" value="Oracle Corporation"/>
    <property name="java.version.date" value="2025-04-15"/>
    <property name="java.home" value="/usr/lib/jvm/java-21-openjdk-amd64"/>
    <property name="file.separator" value="/"/>
    <property name="basedir" value="/home/tosca/pet-accessories-store"/>
    <property name="java.vm.compressedOopsMode" value="32-bit"/>
    <property name="sl.buildName" value="2025.06.26-11.25"/>
    <property name="line.separator" value="&#10;"/>
    <property name="java.vm.specification.vendor" value="Oracle Corporation"/>
    <property name="java.specification.name" value="Java Platform API Specification"/>
    <property name="FILE_LOG_CHARSET" value="UTF-8"/>
    <property name="sl.testExecutionId" value="e9999918-a071-40ad-a031-fafb71b3bce6"/>
    <property name="java.awt.headless" value="true"/>
    <property name="surefire.real.class.path" value="/home/tosca/pet-accessories-store/target/surefire/surefirebooter-20250626112641746_3.jar"/>
    <property name="sun.management.compiler" value="HotSpot 64-Bit Tiered Compilers"/>
    <property name="java.runtime.version" value="21.0.7+6-Ubuntu-0ubuntu124.04"/>
    <property name="sl.moduleName" value="pet-accessories-store"/>
    <property name="user.name" value="tosca"/>
    <property name="sl.appName" value="ClaudeShop3"/>
    <property name="stdout.encoding" value="UTF-8"/>
    <property name="path.separator" value=":"/>
    <property name="sl.testStage" value="System Test - Automated"/>
    <property name="sl.enabled" value="true"/>
    <property name="sl.executedByPlugin" value="true"/>
    <property name="os.version" value="6.11.0-26-generic"/>
    <property name="java.runtime.name" value="OpenJDK Runtime Environment"/>
    <property name="file.encoding" value="UTF-8"/>
    <property name="java.vm.name" value="OpenJDK 64-Bit Server VM"/>
    <property name="localRepository" value="/home/tosca/.m2/repository"/>
    <property name="java.vendor.url.bug" value="https://bugs.launchpad.net/ubuntu/+source/openjdk-21"/>
    <property name="java.io.tmpdir" value="/tmp"/>
    <property name="com.zaxxer.hikari.pool_number" value="1"/>
    <property name="java.version" value="21.0.7"/>
    <property name="sl.server" value="https://tricentis-demo.sealights.co/api"/>
    <property name="user.dir" value="/home/tosca/pet-accessories-store"/>
    <property name="os.arch" value="amd64"/>
    <property name="sl.customerId" value="tricentis-demo"/>
    <property name="java.vm.specification.name" value="Java Virtual Machine Specification"/>
    <property name="PID" value="844129"/>
    <property name="CONSOLE_LOG_CHARSET" value="UTF-8"/>
    <property name="native.encoding" value="UTF-8"/>
    <property name="java.library.path" value="/usr/java/packages/lib:/usr/lib/x86_64-linux-gnu/jni:/lib/x86_64-linux-gnu:/usr/lib/x86_64-linux-gnu:/usr/lib/jni:/lib:/usr/lib"/>
    <property name="java.vm.info" value="mixed mode, sharing"/>
    <property name="stderr.encoding" value="UTF-8"/>
    <property name="java.vendor" value="Ubuntu"/>
    <property name="java.vm.version" value="21.0.7+6-Ubuntu-0ubuntu124.04"/>
    <property name="sl.token" value="eyJhbGciOiJSUzUxMiIsInR5cCI6IkpXVCJ9.eyJpc3MiOiJodHRwczovL1BST0QtUE9DLmF1dGguc2VhbGlnaHRzLmlvLyIsImp3dGlkIjoiUFJPRC1QT0MsbmVlZFRvUmVtb3ZlLEFQSUdXLTRjNGNjMDFjLTJkZDYtNDU1MC1hMzkzLWNjZmQ0NGMzYTk4NiwxNzQ2MDE4MDE2MDk3Iiwic3ViamVjdCI6InRyaWNlbnRpcy1kZW1vQGFnZW50IiwiYXVkaWVuY2UiOlsiYWdlbnRzIl0sIngtc2wtcm9sZSI6ImFnZW50IiwieC1zbC1zZXJ2ZXIiOiJodHRwczovL3RyaWNlbnRpcy1kZW1vLnNlYWxpZ2h0cy5jby9hcGkiLCJzbF9pbXBlcl9zdWJqZWN0IjoiIiwiaWF0IjoxNzQ2MDE4MDE2fQ.K-ntJ3Kv_uyYzqAuZgkSloMeDQvx_FUOdF0WCK5qom0SMdg3IuL1hQIRsspb0P09Wu7ZLf-iJd68PXsTrXNANAvyVghc1W8JC39f6-_vlS7wcoWahvymlCcZdxxos-VVST5TDb0w8RIP-LMXA2qGLCbtQ2_SN8j4LpTZWU31GJuSMCgbqcu_13BmqqYGGXZd7A9w7WanBhpDCePpS3hMiC-N9SNTamjubRbnvoBppxdhlQISFwvHytWT45DraT5rd44wyC07Fw7H4XY08AXyE_5o_ILhCL3Blds1U6OHjAeS3cNvuNQPgxwieZ7CUZ9PobHPOkU9q1Qzij9on5kayfoLWTUdEmBqLPU930EUl-079QnVyJcRus3AhnaXmGjP48s6edJw4fc2KQhknA4Acmj_ElT3DpSOuVayR4xNueArhfQNWXiCu7Q291zTS6Zq5zSS54YJ77--SRt0UEM931y1XCPP6tajWGrD9uKnsN5yRAu-Ot8Tm-FLL4uoGnD_PhYBPna2b-K3hS29bHDgAMjg836JcBHOnqM8VIsnCYPmHkGSMjLuh3qv4jdwwOd9j_VyFANViiwsQj0-ot2a-Wgljqp7WMgnS9GiTNT6MW2B_NZBIBmruTQZfUsLoCx1hLQXkEMZwqW6S92p7EvE5xZzJuH_93JjHsPPReXx3gU"/>
    <property name="sun.io.unicode.encoding" value="UnicodeLittle"/>
    <property name="sl.buildSessionId" value="60dc1f09-6a2e-4318-8ef1-0a8bb109ed39"/>
    <property name="sl.fileStorage" value="/tmp"/>
    <property name="java.class.version" value="65.0"/>
    <property name="sl.pathToMetaJson" value="/tmp/metadata_6f5dc76f-2ae9-4859-bd40-daf79eb457fb.json"/>
  </properties>
  <testcase name="testFindAll" classname="com.petstore.repository.ProductRepositoryTest" time="0">
    <skipped message="void com.petstore.repository.ProductRepositoryTest.testFindAll() is @Disabled"/>
    <system-out><![CDATA[2025-06-26T11:27:11.946+01:00  INFO 844129 --- [           main] t.c.s.AnnotationConfigContextLoaderUtils : Could not detect default configuration classes for test class [com.petstore.repository.ProductRepositoryTest]: ProductRepositoryTest does not declare any static, non-private, non-final, nested classes annotated with @Configuration.
2025-06-26T11:27:12.130+01:00  INFO 844129 --- [           main] .b.t.c.SpringBootTestContextBootstrapper : Found @SpringBootConfiguration com.petstore.PetAccessoriesStoreApplication for test class com.petstore.repository.ProductRepositoryTest

  .   ____          _            __ _ _
 /\\ / ___'_ __ _ _(_)_ __  __ _ \ \ \ \
( ( )\___ | '_ | '_| | '_ \/ _` | \ \ \ \
 \\/  ___)| |_)| | | | | || (_| |  ) ) ) )
  '  |____| .__|_| |_|_| |_\__, | / / / /
 =========|_|==============|___/=/_/_/_/
 :: Spring Boot ::                (v3.1.5)

2025-06-26T11:27:12.266+01:00  INFO 844129 --- [           main] c.p.repository.ProductRepositoryTest     : Starting ProductRepositoryTest using Java 21.0.7 with PID 844129 (started by tosca in /home/tosca/pet-accessories-store)
2025-06-26T11:27:12.267+01:00  INFO 844129 --- [           main] c.p.repository.ProductRepositoryTest     : No active profile set, falling back to 1 default profile: "default"
2025-06-26T11:27:12.395+01:00  INFO 844129 --- [           main] .s.d.r.c.RepositoryConfigurationDelegate : Bootstrapping Spring Data JPA repositories in DEFAULT mode.
2025-06-26T11:27:12.434+01:00  INFO 844129 --- [           main] .s.d.r.c.RepositoryConfigurationDelegate : Finished Spring Data repository scanning in 36 ms. Found 1 JPA repository interfaces.
2025-06-26T11:27:12.501+01:00  INFO 844129 --- [           main] beddedDataSourceBeanFactoryPostProcessor : Replacing 'dataSource' DataSource bean with embedded version
2025-06-26T11:27:12.582+01:00  INFO 844129 --- [           main] o.s.j.d.e.EmbeddedDatabaseFactory        : Starting embedded database: url='jdbc:h2:mem:022d6af9-556b-40ca-a0a2-8c8ef4d53484;DB_CLOSE_DELAY=-1;DB_CLOSE_ON_EXIT=false', username='sa'
2025-06-26T11:27:12.630+01:00  INFO 844129 --- [           main] o.hibernate.jpa.internal.util.LogHelper  : HHH000204: Processing PersistenceUnitInfo [name: default]
2025-06-26T11:27:12.644+01:00  INFO 844129 --- [           main] o.s.o.j.p.SpringPersistenceUnitInfo      : No LoadTimeWeaver setup: ignoring JPA class transformer
2025-06-26T11:27:12.653+01:00  WARN 844129 --- [           main] org.hibernate.orm.deprecation            : HHH90000025: H2Dialect does not need to be specified explicitly using 'hibernate.dialect' (remove the property setting and it will be selected by default)
2025-06-26T11:27:12.710+01:00  INFO 844129 --- [           main] o.h.e.t.j.p.i.JtaPlatformInitiator       : HHH000489: No JTA platform available (set 'hibernate.transaction.jta.platform' to enable JTA platform integration)
Hibernate: drop table if exists products cascade 
Hibernate: create table products (price numeric(38,2) not null, stock integer, id bigint generated by default as identity, category varchar(255) check (category in ('TOYS','FOOD','ACCESSORIES','GROOMING','BEDS','COLLARS')), description TEXT, image_url varchar(255), name varchar(255) not null, primary key (id))
2025-06-26T11:27:12.715+01:00  INFO 844129 --- [           main] j.LocalContainerEntityManagerFactoryBean : Initialized JPA EntityManagerFactory for persistence unit 'default'
2025-06-26T11:27:12.829+01:00  INFO 844129 --- [           main] c.p.repository.ProductRepositoryTest     : Started ProductRepositoryTest in 0.677 seconds (process running for 30.895)
]]></system-out>
  </testcase>
  <testcase name="testFindByNameContainingIgnoreCase" classname="com.petstore.repository.ProductRepositoryTest" time="0">
    <skipped message="void com.petstore.repository.ProductRepositoryTest.testFindByNameContainingIgnoreCase() is @Disabled"/>
  </testcase>
  <testcase name="testFindByCategory" classname="com.petstore.repository.ProductRepositoryTest" time="0">
    <skipped message="void com.petstore.repository.ProductRepositoryTest.testFindByCategory() is @Disabled"/>
  </testcase>
  <testcase name="testFindByNameContainingIgnoreCase_PartialMatch" classname="com.petstore.repository.ProductRepositoryTest" time="0">
    <skipped message="void com.petstore.repository.ProductRepositoryTest.testFindByNameContainingIgnoreCase_PartialMatch() is @Disabled"/>
  </testcase>
  <testcase name="testSaveAndFindById" classname="com.petstore.repository.ProductRepositoryTest" time="0">
    <skipped message="void com.petstore.repository.ProductRepositoryTest.testSaveAndFindById() is @Disabled"/>
  </testcase>
</testsuite>